d:\cpp\windows-rtsp\rtspservice\debug\rtspservice.pch
d:\cpp\windows-rtsp\rtspservice\debug\vc140.pdb
d:\cpp\windows-rtsp\rtspservice\debug\vc140.idb
d:\cpp\windows-rtsp\rtspservice\debug\stdafx.obj
d:\cpp\windows-rtsp\rtspservice\debug\socket.obj
d:\cpp\windows-rtsp\rtspservice\debug\tcp.obj
d:\cpp\windows-rtsp\rtspservice\debug\udp.obj
d:\cpp\windows-rtsp\rtspservice\debug\bitstream.obj
d:\cpp\windows-rtsp\rtspservice\debug\mediasession.obj
d:\cpp\windows-rtsp\rtspservice\debug\mediastream.obj
d:\cpp\windows-rtsp\rtspservice\debug\mediastreamamr.obj
d:\cpp\windows-rtsp\rtspservice\debug\mediastreamh263.obj
d:\cpp\windows-rtsp\rtspservice\debug\mediastreamh264.obj
d:\cpp\windows-rtsp\rtspservice\debug\mediastreammp4a.obj
d:\cpp\windows-rtsp\rtspservice\debug\mediastreammp4alatm.obj
d:\cpp\windows-rtsp\rtspservice\debug\mediastreammp4v.obj
d:\cpp\windows-rtsp\rtspservice\debug\mediastreamtransport.obj
d:\cpp\windows-rtsp\rtspservice\debug\rtptransport.obj
d:\cpp\windows-rtsp\rtspservice\debug\rtsp.obj
d:\cpp\windows-rtsp\rtspservice\debug\rtspresponse.obj
d:\cpp\windows-rtsp\rtspservice\debug\rtspsession.obj
d:\cpp\windows-rtsp\rtspservice\debug\rtsptransport.obj
d:\cpp\windows-rtsp\rtspservice\debug\rtspservice.obj
d:\cpp\windows-rtsp\rtspservice\debug\rtspservice_t.obj
d:\cpp\windows-rtsp\rtspservice\debug\rtp.obj
d:\cpp\windows-rtsp\bin\rtspserviced.ilk
d:\cpp\windows-rtsp\bin\rtspserviced.exe
d:\cpp\windows-rtsp\rtspservice\debug\rtspservice.pdb
d:\cpp\windows-rtsp\rtspservice\debug\rtspservice.tlog\cl.command.1.tlog
d:\cpp\windows-rtsp\rtspservice\debug\rtspservice.tlog\cl.read.1.tlog
d:\cpp\windows-rtsp\rtspservice\debug\rtspservice.tlog\cl.write.1.tlog
d:\cpp\windows-rtsp\rtspservice\debug\rtspservice.tlog\link.command.1.tlog
d:\cpp\windows-rtsp\rtspservice\debug\rtspservice.tlog\link.read.1.tlog
d:\cpp\windows-rtsp\rtspservice\debug\rtspservice.tlog\link.write.1.tlog
