d:\cpp\windows-rtsp\rtspclient\debug\rtspclient.pch
d:\cpp\windows-rtsp\rtspclient\debug\vc140.pdb
d:\cpp\windows-rtsp\rtspclient\debug\vc140.idb
d:\cpp\windows-rtsp\rtspclient\debug\stdafx.obj
d:\cpp\windows-rtsp\rtspclient\debug\rtp.obj
d:\cpp\windows-rtsp\rtspclient\debug\socket.obj
d:\cpp\windows-rtsp\rtspclient\debug\tcp.obj
d:\cpp\windows-rtsp\rtspclient\debug\udp.obj
d:\cpp\windows-rtsp\rtspclient\debug\rtsp.obj
d:\cpp\windows-rtsp\rtspclient\debug\rtsprequest.obj
d:\cpp\windows-rtsp\rtspclient\debug\rtspclient.obj
d:\cpp\windows-rtsp\rtspclient\debug\rtspclient.ilk
d:\cpp\windows-rtsp\rtspclient\debug\rtspclient.exe
d:\cpp\windows-rtsp\rtspclient\debug\rtspclient.pdb
d:\cpp\windows-rtsp\rtspclient\.\debug\rtspclient.exe
d:\cpp\windows-rtsp\rtspclient\debug\rtspclient.tlog\cl.command.1.tlog
d:\cpp\windows-rtsp\rtspclient\debug\rtspclient.tlog\cl.read.1.tlog
d:\cpp\windows-rtsp\rtspclient\debug\rtspclient.tlog\cl.write.1.tlog
d:\cpp\windows-rtsp\rtspclient\debug\rtspclient.tlog\link.command.1.tlog
d:\cpp\windows-rtsp\rtspclient\debug\rtspclient.tlog\link.read.1.tlog
d:\cpp\windows-rtsp\rtspclient\debug\rtspclient.tlog\link.write.1.tlog
